app/mapping.txt
# compiler: R8
# compiler_version: 2.1.62
# min_api: 30
# pg_map_id: 14d2baa
# common_typos_disable
com.tag.scan.BuildConfig -> c.f.a.a:
    int VERSION_CODE -> d
    boolean DEBUG -> a
    java.lang.String BUILD_TYPE -> c
    java.lang.String APPLICATION_ID -> b
    java.lang.String VERSION_NAME -> e
    7:7:void <clinit>() -> <clinit>
    6:6:void <init>() -> <init>
com.tag.scan.MainActivity -> com.tag.scan.MainActivity:
    android.content.BroadcastReceiver scanReceiver -> L
    java.lang.String RES_LABEL -> O
    java.lang.String RES_ACTION -> N
    android.widget.Button mFocusOutput -> I
    android.widget.Button mStopScan -> H
    android.widget.Button mStartScan -> G
    android.widget.TextView mCallbackResult -> C
    android.widget.Button mHidOutput -> K
    android.os.IScanListener miScanListener -> M
    android.widget.TextView mBroadcastResult -> D
    android.widget.Button mBroadcastOutput -> J
    android.widget.EditText mFocusResult -> B
    androidx.appcompat.widget.SwitchCompat mOpenScanKey -> F
    androidx.appcompat.widget.SwitchCompat mDecodeSucceedBeep -> E
    22:38:void <init>() -> <init>
    90:114:void initView() -> b0
    118:124:void registerBroadcast() -> c0
    129:172:void onClick(android.view.View) -> onClick
    70:82:void onCreate(android.os.Bundle) -> onCreate
    176:181:void onDestroy() -> onDestroy
com.tag.scan.MainActivity$1 -> com.tag.scan.MainActivity$1:
    com.tag.scan.MainActivity this$0 -> a
    38:38:void <init>(com.tag.scan.MainActivity) -> <init>
    51:64:void onScanResults(java.lang.String,int,long,long,java.lang.String) -> onScanResults
com.tag.scan.MainActivity$1$1 -> com.tag.scan.MainActivity$1$a:
    long val$decodeTime -> e
    com.tag.scan.MainActivity$1 this$1 -> f
    int val$type -> d
    java.lang.String val$finalData -> c
    57:57:void <init>(com.tag.scan.MainActivity$1,java.lang.String,int,long) -> <init>
    60:62:void run() -> run
com.tag.scan.MainActivity$ScannerResultReceiver -> com.tag.scan.MainActivity$a:
    com.tag.scan.MainActivity this$0 -> a
    187:187:void <init>(com.tag.scan.MainActivity) -> <init>
    187:187:void <init>(com.tag.scan.MainActivity,com.tag.scan.MainActivity$1) -> <init>
    190:200:void onReceive(android.content.Context,android.content.Intent) -> onReceive
com.tag.scan.SpUtil -> c.f.a.b:
    com.tag.scan.SpUtil instace -> b
    android.content.SharedPreferences mSp -> c
    java.lang.String SP -> a
    15:16:void <clinit>() -> <clinit>
    12:13:void <init>() -> <init>
    50:50:boolean getBoolean(java.lang.String,boolean) -> a
    20:23:com.tag.scan.SpUtil getInstace() -> b
    55:55:int getInt(java.lang.String,int) -> c
    45:45:java.lang.String getString(java.lang.String,java.lang.String) -> d
    34:41:void save(java.lang.String,java.lang.Object) -> e
com.tag.scan.URLUtil -> c.f.a.c:
    java.lang.String GROUND_CONNECTION_UPLOAD -> g
    java.lang.String ASSEMBLE_CREATE -> f
    java.lang.String UT_UPLOAD -> i
    java.lang.String WITHSTAND_VOLTAGE_UPLOAD -> h
    java.lang.String CARD_CLEARING -> k
    java.lang.String BATCH_COMPLETION_FINISH -> j
    java.lang.String SERVER -> a
    java.lang.String PREPARE_SEARCH -> c
    java.lang.String SERVER_URL -> b
    java.lang.String ASSEMBLE_SEARCH -> e
    java.lang.String PREPARE_CREATE -> d
    20:20:void <clinit>() -> <clinit>
    8:8:void <init>() -> <init>
com.tag.scan.WaitScreen -> c.f.a.d:
    android.content.Context context -> b
    android.widget.PopupWindow popupWindow -> a
    android.view.View view -> c
    20:24:void <init>(android.content.Context) -> <init>
    16:16:android.widget.PopupWindow access$000(com.tag.scan.WaitScreen) -> a
    41:64:void close() -> b
    71:74:void dismiss() -> c
    32:33:android.widget.PopupWindow show() -> d
com.tag.scan.WaitScreen$1 -> c.f.a.d$a:
    com.tag.scan.WaitScreen this$0 -> c
    43:43:void <init>(com.tag.scan.WaitScreen) -> <init>
    46:47:void run() -> run
...
androidx.fragment.app.FragmentHostCallback -> b.l.a.g:
    android.os.Handler mHandler -> e
    androidx.fragment.app.FragmentManagerImpl mFragmentManager -> g
    int mWindowAnimations -> f
    android.content.Context mContext -> d
    android.app.Activity mActivity -> c
    53:55:void <init>(android.content.Context,android.os.Handler,int) -> <init>
    58:59:void <init>(androidx.fragment.app.FragmentActivity) -> <init>
    49:67:void <init>(android.app.Activity,android.content.Context,android.os.Handler,int) -> <init>
    185:185:android.view.View onFindViewById(int) -> e
    190:190:boolean onHasView() -> f
    195:195:android.app.Activity getActivity() -> g
    200:200:android.content.Context getContext() -> h
    205:205:android.os.Handler getHandler() -> j
    209:209:void onAttachFragment(androidx.fragment.app.Fragment) -> k
    80:80:void onDump(java.lang.String,java.io.FileDescriptor,java.io.PrintWriter,java.lang.String[]) -> l
    java.lang.Object onGetHost() -> m
    95:95:android.view.LayoutInflater onGetLayoutInflater() -> n
    179:179:int onGetWindowAnimations() -> o
    172:172:boolean onHasWindowAnimations() -> p
    158:158:void onRequestPermissionsFromFragment(androidx.fragment.app.Fragment,java.lang.String[],int) -> q
    86:86:boolean onShouldSaveFragmentState(androidx.fragment.app.Fragment) -> r
    165:165:boolean onShouldShowRequestPermissionRationale(java.lang.String) -> s
androidx.fragment.app.FragmentManager -> b.l.a.h:
    androidx.fragment.app.FragmentFactory mFragmentFactory -> c
    androidx.fragment.app.FragmentFactory DEFAULT_FACTORY -> d
    int POP_BACK_STACK_INCLUSIVE -> e
    49:49:void <clinit>() -> <clinit>
    48:117:void <init>() -> <init>
    401:402:void setFragmentFactory(androidx.fragment.app.FragmentFactory) -> A
    void unregisterFragmentLifecycleCallbacks(androidx.fragment.app.FragmentManager$FragmentLifecycleCallbacks) -> B
    void addOnBackStackChangedListener(androidx.fragment.app.FragmentManager$OnBackStackChangedListener) -> a
    androidx.fragment.app.FragmentTransaction beginTransaction() -> b
    void dump(java.lang.String,java.io.FileDescriptor,java.io.PrintWriter,java.lang.String[]) -> c
    434:435:void enableDebugLogging(boolean) -> d
    boolean executePendingTransactions() -> e
    androidx.fragment.app.Fragment findFragmentById(int) -> f
    androidx.fragment.app.Fragment findFragmentByTag(java.lang.String) -> g
    androidx.fragment.app.FragmentManager$BackStackEntry getBackStackEntryAt(int) -> h
    int getBackStackEntryCount() -> i
    androidx.fragment.app.Fragment getFragment(android.os.Bundle,java.lang.String) -> j
    411:414:androidx.fragment.app.FragmentFactory getFragmentFactory() -> k
    java.util.List getFragments() -> l
    androidx.fragment.app.Fragment getPrimaryNavigationFragment() -> m
    boolean isDestroyed() -> n
    boolean isStateSaved() -> o
androidx.fragment.app.FragmentManager$BackStackEntry -> b.l.a.h$a:
    int getId() -> a
    java.lang.CharSequence getBreadCrumbTitle() -> c
    int getBreadCrumbTitleRes() -> d
    int getBreadCrumbShortTitleRes() -> e
    java.lang.CharSequence getBreadCrumbShortTitle() -> f
    java.lang.String getName() -> g